<?xml version="1.0" encoding="UTF-8"?>
<!-- Generated by org.testng.reporters.JUnitReportReporter -->
<testsuite skipped="0" hostname="WINDOWS-PLHO4PI" name="qsp.TestA" tests="1" failures="0" timestamp="18 Mar 2017 19:17:30 GMT" time="12.463" errors="0">
  <testcase name="testMain" time="12.463" classname="qsp.TestA"/>
</testsuite> <!-- qsp.TestA -->
