<?xml version="1.0" encoding="UTF-8"?>
<!-- Generated by org.testng.reporters.JUnitReportReporter -->
<testsuite skipped="0" hostname="WINDOWS-PLHO4PI" name="script.Test_Case_01" tests="1" failures="0" timestamp="19 Mar 2017 10:05:14 GMT" time="39.330" errors="0">
  <testcase name="testLogin" time="39.330" classname="script.Test_Case_01"/>
</testsuite> <!-- script.Test_Case_01 -->
